[    0.000000] Linux version 4.15.0-70-generic (buildd@lgw01-amd64-055) (gcc version 7.4.0 (Ubuntu 7.4.0-1ubuntu1~18.04.1)) #79-Ubuntu SMP Tue Nov 12 10:36:11 UTC 2019 (Ubuntu 4.15.0-70.79-generic 4.15.18)
[    0.000000] Command line: BOOT_IMAGE=/boot/vmlinuz-4.15.0-70-generic root=LABEL=cloudimg-rootfs ro console=tty1 console=ttyS0
[    0.000000] KERNEL supported cpus:
[    0.000000]   Intel GenuineIntel
[    0.000000]   AMD AuthenticAMD
[    0.000000]   Centaur CentaurHauls
[    0.000000] x86/fpu: Supporting XSAVE feature 0x001: 'x87 floating point registers'
[    0.000000] x86/fpu: Supporting XSAVE feature 0x002: 'SSE registers'
[    0.000000] x86/fpu: Supporting XSAVE feature 0x004: 'AVX registers'
[    0.000000] x86/fpu: xstate_offset[2]:  576, xstate_sizes[2]:  256
[    0.000000] x86/fpu: Enabled xstate features 0x7, context size is 832 bytes, using 'standard' format.
[    0.000000] e820: BIOS-provided physical RAM map:
[    0.000000] BIOS-e820: [mem 0x0000000000000000-0x000000000009fbff] usable
[    0.000000] BIOS-e820: [mem 0x000000000009fc00-0x000000000009ffff] reserved
[    0.000000] BIOS-e820: [mem 0x00000000000f0000-0x00000000000fffff] reserved
[    0.000000] BIOS-e820: [mem 0x0000000000100000-0x000000003ffeffff] usable
[    0.000000] BIOS-e820: [mem 0x000000003fff0000-0x000000003fffffff] ACPI data
[    0.000000] BIOS-e820: [mem 0x00000000fec00000-0x00000000fec00fff] reserved
[    0.000000] BIOS-e820: [mem 0x00000000fee00000-0x00000000fee00fff] reserved
[    0.000000] BIOS-e820: [mem 0x00000000fffc0000-0x00000000ffffffff] reserved
[    0.000000] NX (Execute Disable) protection: active
[    0.000000] SMBIOS 2.5 present.
[    0.000000] DMI: innotek GmbH VirtualBox/VirtualBox, BIOS VirtualBox 12/01/2006
[    0.000000] Hypervisor detected: KVM
[    0.000000] e820: last_pfn = 0x3fff0 max_arch_pfn = 0x400000000
[    0.000000] MTRR: Disabled
[    0.000000] x86/PAT: MTRRs disabled, skipping PAT initialization too.
[    0.000000] CPU MTRRs all blank - virtualized system.
[    0.000000] x86/PAT: Configuration [0-7]: WB  WT  UC- UC  WB  WT  UC- UC  
[    0.000000] found SMP MP-table at [mem 0x0009fff0-0x0009ffff]
[    0.000000] Scanning 1 areas for low memory corruption
[    0.000000] RAMDISK: [mem 0x35a89000-0x36d3bfff]
[    0.000000] ACPI: Early table checksum verification disabled
[    0.000000] ACPI: RSDP 0x00000000000E0000 000024 (v02 VBOX  )
[    0.000000] ACPI: XSDT 0x000000003FFF0030 00003C (v01 VBOX   VBOXXSDT 00000001 ASL  00000061)
[    0.000000] ACPI: FACP 0x000000003FFF00F0 0000F4 (v04 VBOX   VBOXFACP 00000001 ASL  00000061)
[    0.000000] ACPI: DSDT 0x000000003FFF0470 0022EA (v02 VBOX   VBOXBIOS 00000002 INTL 20100528)
[    0.000000] ACPI: FACS 0x000000003FFF0200 000040
[    0.000000] ACPI: FACS 0x000000003FFF0200 000040
[    0.000000] ACPI: APIC 0x000000003FFF0240 00005C (v02 VBOX   VBOXAPIC 00000001 ASL  00000061)
[    0.000000] ACPI: SSDT 0x000000003FFF02A0 0001CC (v01 VBOX   VBOXCPUT 00000002 INTL 20100528)
[    0.000000] No NUMA configuration found
[    0.000000] Faking a node at [mem 0x0000000000000000-0x000000003ffeffff]
[    0.000000] NODE_DATA(0) allocated [mem 0x3ffc5000-0x3ffeffff]
[    0.000000] kvm-clock: cpu 0, msr 0:3ff44001, primary cpu clock
[    0.000000] kvm-clock: Using msrs 4b564d01 and 4b564d00
[    0.000000] kvm-clock: using sched offset of 3731899442 cycles
[    0.000000] clocksource: kvm-clock: mask: 0xffffffffffffffff max_cycles: 0x1cd42e4dffb, max_idle_ns: 881590591483 ns
[    0.000000] Zone ranges:
[    0.000000]   DMA      [mem 0x0000000000001000-0x0000000000ffffff]
[    0.000000]   DMA32    [mem 0x0000000001000000-0x000000003ffeffff]
[    0.000000]   Normal   empty
[    0.000000]   Device   empty
[    0.000000] Movable zone start for each node
[    0.000000] Early memory node ranges
[    0.000000]   node   0: [mem 0x0000000000001000-0x000000000009efff]
[    0.000000]   node   0: [mem 0x0000000000100000-0x000000003ffeffff]
[    0.000000] Reserved but unavailable: 98 pages
[    0.000000] Initmem setup node 0 [mem 0x0000000000001000-0x000000003ffeffff]
[    0.000000] ACPI: PM-Timer IO Port: 0x4008
[    0.000000] IOAPIC[0]: apic_id 2, version 32, address 0xfec00000, GSI 0-23
[    0.000000] ACPI: INT_SRC_OVR (bus 0 bus_irq 0 global_irq 2 dfl dfl)
[    0.000000] ACPI: INT_SRC_OVR (bus 0 bus_irq 9 global_irq 9 low level)
[    0.000000] Using ACPI (MADT) for SMP configuration information
[    0.000000] smpboot: Allowing 2 CPUs, 0 hotplug CPUs
[    0.000000] PM: Registered nosave memory: [mem 0x00000000-0x00000fff]
[    0.000000] PM: Registered nosave memory: [mem 0x0009f000-0x0009ffff]
[    0.000000] PM: Registered nosave memory: [mem 0x000a0000-0x000effff]
[    0.000000] PM: Registered nosave memory: [mem 0x000f0000-0x000fffff]
[    0.000000] e820: [mem 0x40000000-0xfebfffff] available for PCI devices
[    0.000000] Booting paravirtualized kernel on KVM
[    0.000000] clocksource: refined-jiffies: mask: 0xffffffff max_cycles: 0xffffffff, max_idle_ns: 7645519600211568 ns
[    0.000000] random: get_random_bytes called from start_kernel+0x99/0x4fd with crng_init=0
[    0.000000] setup_percpu: NR_CPUS:8192 nr_cpumask_bits:2 nr_cpu_ids:2 nr_node_ids:1
[    0.000000] percpu: Embedded 45 pages/cpu s147456 r8192 d28672 u1048576
[    0.000000] PV qspinlock hash table entries: 256 (order: 0, 4096 bytes)
[    0.000000] Built 1 zonelists, mobility grouping on.  Total pages: 257913
[    0.000000] Policy zone: DMA32
[    0.000000] Kernel command line: BOOT_IMAGE=/boot/vmlinuz-4.15.0-70-generic root=LABEL=cloudimg-rootfs ro console=tty1 console=ttyS0
[    0.000000] Memory: 983440K/1048120K available (12300K kernel code, 2481K rwdata, 4264K rodata, 2432K init, 2388K bss, 64680K reserved, 0K cma-reserved)
[    0.000000] SLUB: HWalign=64, Order=0-3, MinObjects=0, CPUs=2, Nodes=1
[    0.000000] Kernel/User page tables isolation: enabled
[    0.000000] ftrace: allocating 39315 entries in 154 pages
[    0.004000] Hierarchical RCU implementation.
[    0.004000] 	RCU restricting CPUs from NR_CPUS=8192 to nr_cpu_ids=2.
[    0.004000] 	Tasks RCU enabled.
[    0.004000] RCU: Adjusting geometry for rcu_fanout_leaf=16, nr_cpu_ids=2
[    0.004000] NR_IRQS: 524544, nr_irqs: 440, preallocated irqs: 16
[    0.004000] Console: colour VGA+ 80x25
[    0.004000] console [tty1] enabled
[    0.004000] console [ttyS0] enabled
[    0.004000] ACPI: Core revision 20170831
[    0.004000] ACPI: 2 ACPI AML tables successfully acquired and loaded
[    0.004000] APIC: Switch to symmetric I/O mode setup
[    0.004000] x2apic enabled
[    0.004000] Switched APIC routing to physical x2apic.
[    0.004000] ..TIMER: vector=0x30 apic1=0 pin1=2 apic2=-1 pin2=-1
[    0.004004] tsc: Detected 2700.000 MHz processor
[    0.005021] Calibrating delay loop (skipped) preset value.. 5400.00 BogoMIPS (lpj=10800000)
[    0.008004] pid_max: default: 32768 minimum: 301
[    0.009052] Security Framework initialized
[    0.009973] Yama: becoming mindful.
[    0.010819] AppArmor: AppArmor initialized
[    0.013638] Dentry cache hash table entries: 131072 (order: 8, 1048576 bytes)
[    0.015267] Inode-cache hash table entries: 65536 (order: 7, 524288 bytes)
[    0.016020] Mount-cache hash table entries: 2048 (order: 2, 16384 bytes)
[    0.017439] Mountpoint-cache hash table entries: 2048 (order: 2, 16384 bytes)
[    0.020252] Last level iTLB entries: 4KB 64, 2MB 8, 4MB 8
[    0.022148] Last level dTLB entries: 4KB 64, 2MB 0, 4MB 0, 1GB 4
[    0.023495] Spectre V1 : Mitigation: usercopy/swapgs barriers and __user pointer sanitization
[    0.024003] Spectre V2 : Mitigation: Full generic retpoline
[    0.025200] Spectre V2 : Spectre v2 / SpectreRSB mitigation: Filling RSB on context switch
[    0.028002] Speculative Store Bypass: Vulnerable
[    0.029062] MDS: Mitigation: Clear CPU buffers
[    0.030235] Freeing SMP alternatives memory: 36K
[    0.141248] smpboot: CPU0: Intel(R) Core(TM) i5-5257U CPU @ 2.70GHz (family: 0x6, model: 0x3d, stepping: 0x4)
[    0.143505] Performance Events: unsupported p6 CPU model 61 no PMU driver, software events only.
[    0.144046] Hierarchical SRCU implementation.
[    0.145580] NMI watchdog: Perf event create on CPU 0 failed with -2
[    0.146928] NMI watchdog: Perf NMI watchdog permanently disabled
[    0.148049] smp: Bringing up secondary CPUs ...
[    0.149475] x86: Booting SMP configuration:
[    0.150413] .... node  #0, CPUs:      #1
[    0.004000] kvm-clock: cpu 1, msr 0:3ff44041, secondary cpu clock
[    0.155548] smp: Brought up 1 node, 2 CPUs
[    0.156006] smpboot: Max logical packages: 1
[    0.156965] smpboot: Total of 2 processors activated (10800.00 BogoMIPS)
[    0.158512] devtmpfs: initialized
[    0.160052] x86/mm: Memory block size: 128MB
[    0.161175] evm: security.selinux
[    0.161965] evm: security.SMACK64
[    0.162795] evm: security.SMACK64EXEC
[    0.163694] evm: security.SMACK64TRANSMUTE
[    0.164004] evm: security.SMACK64MMAP
[    0.164835] evm: security.apparmor
[    0.165611] evm: security.ima
[    0.166306] evm: security.capability
[    0.168132] clocksource: jiffies: mask: 0xffffffff max_cycles: 0xffffffff, max_idle_ns: 7645041785100000 ns
[    0.172015] futex hash table entries: 512 (order: 3, 32768 bytes)
[    0.174856] pinctrl core: initialized pinctrl subsystem
[    0.176116] RTC time:  6:00:03, date: 12/08/19
[    0.177265] NET: Registered protocol family 16
[    0.178320] audit: initializing netlink subsys (disabled)
[    0.179528] audit: type=2000 audit(1575784808.175:1): state=initialized audit_enabled=0 res=1
[    0.180026] cpuidle: using governor ladder
[    0.180937] cpuidle: using governor menu
[    0.181854] ACPI: bus type PCI registered
[    0.184005] acpiphp: ACPI Hot Plug PCI Controller Driver version: 0.5
[    0.185542] PCI: Using configuration type 1 for base access
[    0.188309] HugeTLB registered 2.00 MiB page size, pre-allocated 0 pages
[    0.189729] ACPI: Added _OSI(Module Device)
[    0.192004] ACPI: Added _OSI(Processor Device)
[    0.192993] ACPI: Added _OSI(3.0 _SCP Extensions)
[    0.194115] ACPI: Added _OSI(Processor Aggregator Device)
[    0.195343] ACPI: Added _OSI(Linux-Dell-Video)
[    0.196003] ACPI: Added _OSI(Linux-Lenovo-NV-HDMI-Audio)
[    0.197160] ACPI: Added _OSI(Linux-HPI-Hybrid-Graphics)
[    0.198737] ACPI: Executed 1 blocks of module-level executable AML code
[    0.204117] ACPI: Interpreter enabled
[    0.205012] ACPI: (supports S0 S5)
[    0.205796] ACPI: Using IOAPIC for interrupt routing
[    0.207151] PCI: Using host bridge windows from ACPI; if necessary, use "pci=nocrs" and report a bug
[    0.208231] ACPI: Enabled 2 GPEs in block 00 to 07
[    0.217403] ACPI: PCI Root Bridge [PCI0] (domain 0000 [bus 00-ff])
[    0.218830] acpi PNP0A03:00: _OSC: OS supports [ASPM ClockPM Segments MSI]
[    0.220453] acpi PNP0A03:00: _OSC: not requesting OS control; OS requires [ExtendedConfig ASPM ClockPM MSI]
[    0.222578] acpi PNP0A03:00: fail to add MMCONFIG information, can't access extended PCI configuration space under this bridge.
[    0.224485] PCI host bridge to bus 0000:00
[    0.225432] pci_bus 0000:00: root bus resource [io  0x0000-0x0cf7 window]
[    0.228004] pci_bus 0000:00: root bus resource [io  0x0d00-0xffff window]
[    0.229522] pci_bus 0000:00: root bus resource [mem 0x000a0000-0x000bffff window]
[    0.232004] pci_bus 0000:00: root bus resource [mem 0x40000000-0xfdffffff window]
[    0.233647] pci_bus 0000:00: root bus resource [bus 00-ff]
[    0.238180] pci 0000:00:01.1: legacy IDE quirk: reg 0x10: [io  0x01f0-0x01f7]
[    0.239746] pci 0000:00:01.1: legacy IDE quirk: reg 0x14: [io  0x03f6]
[    0.240004] pci 0000:00:01.1: legacy IDE quirk: reg 0x18: [io  0x0170-0x0177]
[    0.241585] pci 0000:00:01.1: legacy IDE quirk: reg 0x1c: [io  0x0376]
[    0.266353] pci 0000:00:07.0: quirk: [io  0x4000-0x403f] claimed by PIIX4 ACPI
[    0.268024] pci 0000:00:07.0: quirk: [io  0x4100-0x410f] claimed by PIIX4 SMB
[    0.283917] ACPI: PCI Interrupt Link [LNKA] (IRQs 5 9 10 *11)
[    0.284333] ACPI: PCI Interrupt Link [LNKB] (IRQs 5 9 *10 11)
[    0.285712] ACPI: PCI Interrupt Link [LNKC] (IRQs 5 *9 10 11)
[    0.288164] ACPI: PCI Interrupt Link [LNKD] (IRQs 5 9 10 *11)
[    0.290234] SCSI subsystem initialized
[    0.292060] pci 0000:00:02.0: vgaarb: setting as boot VGA device
[    0.293333] pci 0000:00:02.0: vgaarb: VGA device added: decodes=io+mem,owns=io+mem,locks=none
[    0.295159] pci 0000:00:02.0: vgaarb: bridge control possible
[    0.296010] vgaarb: loaded
[    0.296684] ACPI: bus type USB registered
[    0.297650] usbcore: registered new interface driver usbfs
[    0.298849] usbcore: registered new interface driver hub
[    0.300020] usbcore: registered new device driver usb
[    0.301211] EDAC MC: Ver: 3.0.0
[    0.301211] PCI: Using ACPI for IRQ routing
[    0.304388] NetLabel: Initializing
[    0.305170] NetLabel:  domain hash size = 128
[    0.306173] NetLabel:  protocols = UNLABELED CIPSOv4 CALIPSO
[    0.307476] NetLabel:  unlabeled traffic allowed by default
[    0.308076] clocksource: Switched to clocksource kvm-clock
[    0.323517] VFS: Disk quotas dquot_6.6.0
[    0.324556] VFS: Dquot-cache hash table entries: 512 (order 0, 4096 bytes)
[    0.326157] AppArmor: AppArmor Filesystem Enabled
[    0.327791] pnp: PnP ACPI init
[    0.330095] pnp: PnP ACPI: found 3 devices
[    0.340295] clocksource: acpi_pm: mask: 0xffffff max_cycles: 0xffffff, max_idle_ns: 2085701024 ns
[    0.342273] NET: Registered protocol family 2
[    0.343412] TCP established hash table entries: 8192 (order: 4, 65536 bytes)
[    0.345015] TCP bind hash table entries: 8192 (order: 5, 131072 bytes)
[    0.348032] TCP: Hash tables configured (established 8192 bind 8192)
[    0.350034] UDP hash table entries: 512 (order: 2, 16384 bytes)
[    0.351332] UDP-Lite hash table entries: 512 (order: 2, 16384 bytes)
[    0.352822] NET: Registered protocol family 1
[    0.353805] pci 0000:00:00.0: Limiting direct PCI/PCI transfers
[    0.355223] pci 0000:00:01.0: Activating ISA DMA hang workarounds
[    0.356670] pci 0000:00:02.0: Video device with shadowed ROM at [mem 0x000c0000-0x000dffff]
[    0.358613] Unpacking initramfs...
[    0.650060] Freeing initrd memory: 19148K
[    0.651088] clocksource: tsc: mask: 0xffffffffffffffff max_cycles: 0x26eb3e3cc63, max_idle_ns: 440795236593 ns
[    0.653395] platform rtc_cmos: registered platform RTC device (no PNP device found)
[    0.655081] Scanning for low memory corruption every 60 seconds
[    0.657263] Initialise system trusted keyrings
[    0.658317] Key type blacklist registered
[    0.659360] workingset: timestamp_bits=36 max_order=18 bucket_order=0
[    0.661686] zbud: loaded
[    0.662818] squashfs: version 4.0 (2009/01/31) Phillip Lougher
[    0.664354] fuse init (API version 7.26)
[    0.668267] Key type asymmetric registered
[    0.669545] Asymmetric key parser 'x509' registered
[    0.670743] Block layer SCSI generic (bsg) driver version 0.4 loaded (major 246)
[    0.672650] io scheduler noop registered
[    0.673592] io scheduler deadline registered
[    0.674607] io scheduler cfq registered (default)
[    0.676194] ACPI: AC Adapter [AC] (on-line)
[    0.677254] input: Power Button as /devices/LNXSYSTM:00/LNXPWRBN:00/input/input0
[    0.679042] ACPI: Power Button [PWRF]
[    0.680395] input: Sleep Button as /devices/LNXSYSTM:00/LNXSLPBN:00/input/input1
[    0.682154] ACPI: Sleep Button [SLPF]
[    0.684224] Serial: 8250/16550 driver, 32 ports, IRQ sharing enabled
[    0.684860] ACPI: Battery Slot [BAT0] (battery present)
[    0.707862] 00:02: ttyS0 at I/O 0x38 (irq = 4, base_baud = 115200) is a 16550A
[    0.712849] Linux agpgart interface v0.103
[    0.715284] loop: module loaded
[    0.717037] scsi host0: ata_piix
[    0.718183] scsi host1: ata_piix
[    0.719347] ata1: PATA max UDMA/33 cmd 0x1f0 ctl 0x3f6 bmdma 0xd000 irq 14
[    0.721558] ata2: PATA max UDMA/33 cmd 0x170 ctl 0x376 bmdma 0xd008 irq 15
[    0.723274] libphy: Fixed MDIO Bus: probed
[    0.724522] tun: Universal TUN/TAP device driver, 1.6
[    0.726341] PPP generic driver version 2.4.2
[    0.727654] ehci_hcd: USB 2.0 'Enhanced' Host Controller (EHCI) Driver
[    0.729703] ehci-pci: EHCI PCI platform driver
[    0.731239] ehci-platform: EHCI generic platform driver
[    0.733418] ohci_hcd: USB 1.1 'Open' Host Controller (OHCI) Driver
[    0.735383] ohci-pci: OHCI PCI platform driver
[    0.736989] ohci-platform: OHCI generic platform driver
[    0.738886] uhci_hcd: USB Universal Host Controller Interface driver
[    0.741612] i8042: PNP: PS/2 Controller [PNP0303:PS2K,PNP0f03:PS2M] at 0x60,0x64 irq 1,12
[    0.746391] serio: i8042 KBD port at 0x60,0x64 irq 1
[    0.748513] serio: i8042 AUX port at 0x60,0x64 irq 12
[    0.750828] mousedev: PS/2 mouse device common for all mice
[    0.753889] input: AT Translated Set 2 keyboard as /devices/platform/i8042/serio0/input/input2
[    0.758635] rtc_cmos rtc_cmos: rtc core: registered rtc_cmos as rtc0
[    0.761884] rtc_cmos rtc_cmos: alarms up to one day, 114 bytes nvram
[    0.764770] i2c /dev entries driver
[    0.766653] device-mapper: uevent: version 1.0.3
[    0.769225] device-mapper: ioctl: 4.37.0-ioctl (2017-09-20) initialised: dm-devel@redhat.com
[    0.773624] ledtrig-cpu: registered to indicate activity on CPUs
[    0.777267] NET: Registered protocol family 10
[    0.786898] Segment Routing with IPv6
[    0.788706] NET: Registered protocol family 17
[    0.791056] Key type dns_resolver registered
[    0.793356] mce: Using 0 MCE banks
[    0.795012] RAS: Correctable Errors collector initialized.
[    0.797699] sched_clock: Marking stable (797662809, 0)->(980114351, -182451542)
[    0.802667] registered taskstats version 1
[    0.804449] Loading compiled-in X.509 certificates
[    0.817229] Loaded X.509 cert 'Build time autogenerated kernel key: 1859b0531897959199376c446a0bd70df75fd1fc'
[    0.820752] zswap: loaded using pool lzo/zbud
[    0.831145] Key type big_key registered
[    0.833138] Key type trusted registered
[    0.836276] Key type encrypted registered
[    0.837256] AppArmor: AppArmor sha1 policy hashing enabled
[    0.838489] ima: No TPM chip found, activating TPM-bypass! (rc=-19)
[    0.839942] ima: Allocated hash algorithm: sha1
[    0.841055] evm: HMAC attrs: 0x1
[    0.842415]   Magic number: 15:233:13
[    0.843394] rtc_cmos rtc_cmos: setting system clock to 2019-12-08 06:00:03 UTC (1575784803)
[    0.845418] BIOS EDD facility v0.16 2004-Jun-25, 0 devices found
[    0.846810] EDD information not available.
[    0.886939] Freeing unused kernel image memory: 2432K
[    0.900191] Write protecting the kernel read-only data: 20480k
[    0.903058] Freeing unused kernel image memory: 2008K
[    0.905470] Freeing unused kernel image memory: 1880K
[    0.913577] x86/mm: Checked W+X mappings: passed, no W+X pages found.
[    0.915725] x86/mm: Checking user space page tables
[    0.924448] x86/mm: Checked W+X mappings: passed, no W+X pages found.
Loading, please wait...
starting version 237
[    1.010847] e1000: Intel(R) PRO/1000 Network Driver - version 7.3.21-k8-NAPI
[    1.013196] e1000: Copyright (c) 1999-2006 Intel Corporation.
[    1.014634] Fusion MPT base driver 3.04.20
[    1.016083] Copyright (c) 1999-2008 LSI Corporation
[    1.039528] AVX2 version of gcm_enc/dec engaged.
[    1.040620] AES CTR mode by8 optimization enabled
[    1.044884] Fusion MPT SPI Host driver 3.04.20
[    1.229411] input: ImExPS/2 Generic Explorer Mouse as /devices/platform/i8042/serio1/input/input4
[    1.433824] e1000 0000:00:03.0 eth0: (PCI:33MHz:32-bit) 02:83:96:c1:64:f9
[    1.435399] e1000 0000:00:03.0 eth0: Intel(R) PRO/1000 Network Connection
[    1.437906] mptbase: ioc0: Initiating bringup
[    1.532537] ioc0: LSI53C1030 A0: Capabilities={Initiator}
[    1.778285] scsi host2: ioc0: LSI53C1030 A0, FwRev=00000000h, Ports=1, MaxQ=256, IRQ=20
[    1.948680] scsi 2:0:0:0: Direct-Access     VBOX     HARDDISK         1.0  PQ: 0 ANSI: 5
[    1.984507] scsi target2:0:0: Beginning Domain Validation
[    2.032502] scsi target2:0:0: Domain Validation skipping write tests
[    2.033910] scsi target2:0:0: Ending Domain Validation
[    2.039725] scsi target2:0:0: asynchronous
[    2.055677] scsi 2:0:1:0: Direct-Access     VBOX     HARDDISK         1.0  PQ: 0 ANSI: 5
[    2.297994] scsi target2:0:1: Beginning Domain Validation
[    2.301057] random: fast init done
[    2.302140] scsi target2:0:1: Domain Validation skipping write tests
[    2.303627] scsi target2:0:1: Ending Domain Validation
[    2.304952] scsi target2:0:1: asynchronous
[    2.312132] random: systemd-udevd: uninitialized urandom read (16 bytes read)
[    2.314563] random: systemd-udevd: uninitialized urandom read (16 bytes read)
[    2.317161] random: systemd-udevd: uninitialized urandom read (16 bytes read)
[    2.319643] sd 2:0:0:0: [sda] 20971520 512-byte logical blocks: (10.7 GB/10.0 GiB)
[    2.322209] sd 2:0:0:0: Attached scsi generic sg0 type 0
[    2.324072] sd 2:0:0:0: [sda] Write Protect is off
[    2.325926] sd 2:0:0:0: [sda] Incomplete mode parameter data
[    2.327351] sd 2:0:0:0: [sda] Assuming drive cache: write through
[    2.329957] sd 2:0:1:0: Attached scsi generic sg1 type 0
[    2.331603] sd 2:0:1:0: [sdb] 20480 512-byte logical blocks: (10.5 MB/10.0 MiB)
[    2.333408] sd 2:0:1:0: [sdb] Write Protect is off
[    2.334788] sd 2:0:1:0: [sdb] Incomplete mode parameter data
[    2.336059] sd 2:0:1:0: [sdb] Assuming drive cache: write through
[    2.337913]  sda: sda1
[    2.340187] sd 2:0:0:0: [sda] Attached SCSI disk
[    2.342892] sd 2:0:1:0: [sdb] Attached SCSI disk
[    2.377053] e1000 0000:00:08.0 eth1: (PCI:33MHz:32-bit) 08:00:27:7b:e2:63
[    2.379219] e1000 0000:00:08.0 eth1: Intel(R) PRO/1000 Network Connection
[    2.382841] e1000 0000:00:03.0 enp0s3: renamed from eth0
[    2.416840] e1000 0000:00:08.0 enp0s8: renamed from eth1
Begin: Loading essential drivers ... [    3.856181] raid6: sse2x1   gen() 10165 MB/s
[    3.904112] raid6: sse2x1   xor()  7228 MB/s
[    3.952554] raid6: sse2x2   gen() 12473 MB/s
[    4.000222] raid6: sse2x2   xor()  7643 MB/s
[    4.048192] raid6: sse2x4   gen() 14229 MB/s
[    4.096552] raid6: sse2x4   xor()  8905 MB/s
[    4.144157] raid6: avx2x1   gen()  9744 MB/s
[    4.192193] raid6: avx2x1   xor()  7586 MB/s
[    4.240283] raid6: avx2x2   gen() 19767 MB/s
[    4.288222] raid6: avx2x2   xor() 13641 MB/s
[    4.336080] raid6: avx2x4   gen() 23183 MB/s
[    4.384198] raid6: avx2x4   xor() 17011 MB/s
[    4.385173] raid6: using algorithm avx2x4 gen() 23183 MB/s
[    4.386409] raid6: .... xor() 17011 MB/s, rmw enabled
[    4.387564] raid6: using avx2x2 recovery algorithm
[    4.390513] xor: automatically using best checksumming function   avx       
[    4.393600] async_tx: api initialized (async)
done.
Begin: Running /scripts/init-premount ... done.
Begin: Mounting root file system ... Begin: Running /scripts/local-top ... done.
Begin: Running /scripts/local-premount ... [    4.438656] Btrfs loaded, crc32c=crc32c-intel
Scanning for Btrfs filesystems
done.
Warning: fsck not present, so skipping root file system
[    4.469256] EXT4-fs (sda1): mounted filesystem with ordered data mode. Opts: (null)
done.
Begin: Running /scripts/local-bottom ... done.
Begin: Running /scripts/init-bottom ... done.
[    4.595639] ip_tables: (C) 2000-2006 Netfilter Core Team
[    4.608384] systemd[1]: systemd 237 running in system mode. (+PAM +AUDIT +SELINUX +IMA +APPARMOR +SMACK +SYSVINIT +UTMP +LIBCRYPTSETUP +GCRYPT +GNUTLS +ACL +XZ +LZ4 +SECCOMP +BLKID +ELFUTILS +KMOD -IDN2 +IDN -PCRE2 default-hierarchy=hybrid)
[    4.615195] systemd[1]: Detected virtualization oracle.
[    4.617695] systemd[1]: Detected architecture x86-64.

Welcome to [1mUbuntu 18.04.3 LTS[0m!

[    4.630180] systemd[1]: Set hostname to <ubuntu>.
[    4.635106] systemd[1]: Initializing machine ID from random generator.
[    4.636709] systemd[1]: Installed transient /etc/machine-id file.
[    4.859782] systemd[1]: Reached target User and Group Name Lookups.
[[0;32m  OK  [0m] Reached target User and Group Name Lookups.
[    4.862868] systemd[1]: Set up automount Arbitrary Executable File Formats File System Automount Point.
[[0;32m  OK  [0m] Set up automount Arbitrary Executab…rmats File System Automount Point.
[    4.868732] systemd[1]: Created slice System Slice.
[[0;32m  OK  [0m] Created slice System Slice.
[    4.871022] systemd[1]: Listening on Network Service Netlink Socket.
[[0;32m  OK  [0m] Listening on Network Service Netlink Socket.
[[0;32m  OK  [0m] Listening on Syslog Socket.
[[0;32m  OK  [0m] Listening on LVM2 poll daemon socket.
[[0;32m  OK  [0m] Reached target System Time Synchronized.
[[0;32m  OK  [0m] Listening on Device-mapper event daemon FIFOs.
[[0;32m  OK  [0m] Listening on LVM2 metadata daemon socket.
[[0;32m  OK  [0m] Listening on Journal Socket.
         Starting Uncomplicated firewall...
         Starting Remount Root and Kernel File Systems...
         Mounting Kernel Debug File System...
         Starting Load Kernel Modules...
[[0;32m  OK  [0m] Listening on udev Control Socket.
[    4.910605] EXT4-fs (sda1): re-mounted. Opts: (null)
[[0;32m  OK  [0m] Created slice User and Session Slice.
         Mounting Huge Pages File System...
         Starting Create list of required st…ce nodes for the current kernel...
[[0;32m  OK  [0m] Listening on udev Kernel Socket.
[    4.924603] Loading iSCSI transport class v2.0-870.
         Starting udev Coldplug all Devices...
[[0;32m  OK  [0m] Started Forward Password Requests to Wall Directory Watch.
[[0;32m  OK  [0m] Reached target Slices.
[[0;32m  OK  [0m] Created slice system-serial\x2dgetty.slice.
[    4.932384] iscsi: registered transport (tcp)
[[0;32m  OK  [0m] Reached target Swap.
[[0;32m  OK  [0m] Listening on Journal Audit Socket.
[[0;32m  OK  [0m] Listening on /dev/initctl Compatibility Named Pipe.
         Mounting POSIX Message Queue File System...
         Starting Set the console keyboard layout...
         Starting Monitoring of LVM2 mirrors…ng dmeventd or progress polling...
[[0;32m  OK  [0m] Listening on Journal Socket (/dev/log).
         Starting Journal Service...
[[0;32m  OK  [0m] Started Uncomplicated firewall.
[[0;32m  OK  [0m] Started Remount Root and Kernel File Systems.
[[0;32m  OK  [0m] Mounted Kernel Debug File System.
[[0;32m  OK  [0m] Mounted Huge Pages File System.
[[0;32m  OK  [0m] Mounted POSIX Message Queue File System.
[    5.020897] iscsi: registered transport (iser)
         Starting Load/Save Random Seed...
[[0;32m  OK  [0m] Started Load Kernel Modules.
[[0;32m  OK  [0m] Started Create list of required sta…vice nodes for the current kernel.
[[0;32m  OK  [0m] Started LVM2 metadata daemon.
         Starting Create Static Device Nodes in /dev...
         Mounting FUSE Control File System...
         Mounting Kernel Configuration File System...
         Starting Apply Kernel Variables...
[[0;32m  OK  [0m] Started Journal Service.
[[0;32m  OK  [0m] Started Load/Save Random Seed.
[[0;32m  OK  [0m] Started Create Static Device Nodes in /dev.
[[0;32m  OK  [0m] Mounted FUSE Control File System.
[[0;32m  OK  [0m] Mounted Kernel Configuration File System.
         Starting udev Kernel Device Manager...
         Starting Flush Journal to Persistent Storage...
[[0;32m  OK  [0m] Started udev Coldplug all Devices.
[[0;32m  OK  [0m] Started udev Kernel Device Manager.
[[0;32m  OK  [0m] Started Set the console keyboard layout.
[[0;32m  OK  [0m] Started Dispatch Password Requests to Console Directory Watch.
[[0;32m  OK  [0m] Reached target Local Encrypted Volumes.
[[0;32m  OK  [0m] Started Apply Kernel Variables.
[[0;32m  OK  [0m] Started Monitoring of LVM2 mirrors,…sing dmeventd or progress polling.
[[0;32m  OK  [0m] Reached target Local File Systems (Pre).
[[0;32m  OK  [0m] Reached target Local File Systems.
         Starting AppArmor initialization...
         Starting ebtables ruleset management...
         Starting Set console font and keymap...
         Starting Tell Plymouth To Write Out Runtime Data...
         Starting Commit a transient machine-id on disk...
[[0;32m  OK  [0m] Started Flush Journal to Persistent Storage.
         Starting Create Volatile Files and Directories...
[[0;32m  OK  [0m] Started Tell Plymouth To Write Out Runtime Data.
[[0;32m  OK  [0m] Started Set console font and keymap.
[[0;32m  OK  [0m] Started Create Volatile Files and Directories.
         Starting Update UTMP about System Boot/Shutdown...
[[0;32m  OK  [0m] Started Update UTMP about System Boot/Shutdown.
[[0;32m  OK  [0m] Started Commit a transient machine-id on disk.
[[0;32m  OK  [0m] Started ebtables ruleset management.
[[0;32m  OK  [0m] Found device /dev/ttyS0.
[[0;32m  OK  [0m] Listening on Load/Save RF Kill Switch Status /dev/rfkill Watch.
[[0;32m  OK  [0m] Started AppArmor initialization.
         Starting Initial cloud-init job (pre-networking)...
[    7.190768] cloud-init[550]: Cloud-init v. 19.2-36-g059d049c-0ubuntu2~18.04.1 running 'init-local' at Sun, 08 Dec 2019 06:00:09 +0000. Up 6.83 seconds.
[[0;32m  OK  [0m] Started Initial cloud-init job (pre-networking).
[[0;32m  OK  [0m] Reached target Network (Pre).
         Starting Network Service...
[[0;32m  OK  [0m] Started Network Service.
         Starting Network Name Resolution...
         Starting Wait for Network to be Configured...
[[0;32m  OK  [0m] Started Network Name Resolution.
[[0;32m  OK  [0m] Reached target Host and Network Name Lookups.
[[0;32m  OK  [0m] Reached target Network.
[[0;32m  OK  [0m] Started Wait for Network to be Configured.
         Starting Initial cloud-init job (metadata service crawler)...
[    9.223024] cloud-init[658]: Cloud-init v. 19.2-36-g059d049c-0ubuntu2~18.04.1 running 'init' at Sun, 08 Dec 2019 06:00:11 +0000. Up 9.08 seconds.
[    9.226162] cloud-init[658]: ci-info: ++++++++++++++++++++++++++++++++++++++Net device info+++++++++++++++++++++++++++++++++++++++
[    9.229070] cloud-init[658]: ci-info: +--------+-------+----------------------------+---------------+--------+-------------------+
[    9.231986] cloud-init[658]: ci-info: | Device |   Up  |          Address           |      Mask     | Scope  |     Hw-Address    |
[    9.235138] cloud-init[658]: ci-info: +--------+-------+----------------------------+---------------+--------+-------------------+
[    9.239239] cloud-init[658]: ci-info: | enp0s3 |  True |         10.0.2.15          | 255.255.255.0 | global | 02:83:96:c1:64:f9 |
[    9.242161] cloud-init[658]: ci-info: | enp0s3 |  True | fe80::83:96ff:fec1:64f9/64 |       .       |  link  | 02:83:96:c1:64:f9 |
[    9.245764] cloud-init[658]: ci-info: | enp0s8 | False |             .              |       .       |   .    | 08:00:27:7b:e2:63 |
[    9.248196] cloud-init[658]: ci-info: |   lo   |  True |         127.0.0.1          |   255.0.0.0   |  host  |         .         |
[    9.251240] cloud-init[658]: ci-info: |   lo   |  True |          ::1/128           |       .       |  host  |         .         |
[    9.255329] cloud-init[658]: ci-info: +--------+-------+----------------------------+---------------+--------+-------------------+
[    9.258745] cloud-init[658]: ci-info: ++++++++++++++++++++++++++++Route IPv4 info+++++++++++++++++++++++++++++
[    9.261081] cloud-init[658]: ci-info: +-------+-------------+----------+-----------------+-----------+-------+
[    9.263779] cloud-init[658]: ci-info: | Route | Destination | Gateway  |     Genmask     | Interface | Flags |
[    9.266016] cloud-init[658]: ci-info: +-------+-------------+----------+-----------------+-----------+-------+
[    9.268340] cloud-init[658]: ci-info: |   0   |   0.0.0.0   | 10.0.2.2 |     0.0.0.0     |   enp0s3  |   UG  |
[    9.270263] cloud-init[658]: ci-info: |   1   |   10.0.2.0  | 0.0.0.0  |  255.255.255.0  |   enp0s3  |   U   |
[    9.272147] cloud-init[658]: ci-info: |   2   |   10.0.2.2  | 0.0.0.0  | 255.255.255.255 |   enp0s3  |   UH  |
[    9.274001] cloud-init[658]: ci-info: +-------+-------------+----------+-----------------+-----------+-------+
[    9.275861] cloud-init[658]: ci-info: +++++++++++++++++++Route IPv6 info+++++++++++++++++++
[    9.277486] cloud-init[658]: ci-info: +-------+-------------+---------+-----------+-------+
[    9.279356] cloud-init[658]: ci-info: | Route | Destination | Gateway | Interface | Flags |
[    9.281119] cloud-init[658]: ci-info: +-------+-------------+---------+-----------+-------+
[    9.283138] cloud-init[658]: ci-info: |   1   |  fe80::/64  |    ::   |   enp0s3  |   U   |
[    9.285173] cloud-init[658]: ci-info: |   3   |    local    |    ::   |   enp0s3  |   U   |
[    9.287164] cloud-init[658]: ci-info: |   4   |   ff00::/8  |    ::   |   enp0s3  |   U   |
[    9.289063] cloud-init[658]: ci-info: +-------+-------------+---------+-----------+-------+
[    9.983950] cloud-init[658]: Generating public/private rsa key pair.
[    9.985997] cloud-init[658]: Your identification has been saved in /etc/ssh/ssh_host_rsa_key.
[    9.988500] cloud-init[658]: Your public key has been saved in /etc/ssh/ssh_host_rsa_key.pub.
[    9.991008] cloud-init[658]: The key fingerprint is:
[    9.992753] cloud-init[658]: SHA256:FVGAxTD6o9iIO+neU32hiu7lZQYSKPG2sxdcFLmUoCk root@ubuntu-bionic
[    9.995517] cloud-init[658]: The key's randomart image is:
[    9.996846] cloud-init[658]: +---[RSA 2048]----+
[    9.997876] cloud-init[658]: |.   ..o+o==+.    |
[    9.998889] cloud-init[658]: | o + .+.....     |
[   10.000049] cloud-init[658]: |E * ..o.  .      |
[   10.001274] cloud-init[658]: | + o o.. ..      |
[   10.002441] cloud-init[658]: |  o + ..S. .     |
[   10.003546] cloud-init[658]: |   + *.oo..      |
[   10.004809] cloud-init[658]: |  o.+o+.+.       |
[   10.005914] cloud-init[658]: |  o+oo.+         |
[   10.007388] cloud-init[658]: | o+++..          |
[   10.020561] cloud-init[658]: +----[SHA256]-----+
[   10.021596] cloud-init[658]: Generating public/private dsa key pair.
[   10.023052] cloud-init[658]: Your identification has been saved in /etc/ssh/ssh_host_dsa_key.
[   10.024984] cloud-init[658]: Your public key has been saved in /etc/ssh/ssh_host_dsa_key.pub.
[   10.026888] cloud-init[658]: The key fingerprint is:
[   10.028048] cloud-init[658]: SHA256:hn/kvc9zy+Z30EZZvGgzqiLPjN8lWiyRcbdok/fq8B0 root@ubuntu-bionic
[   10.030158] cloud-init[658]: The key's randomart image is:
[   10.031459] cloud-init[658]: +---[DSA 1024]----+
[   10.032560] cloud-init[658]: |               . |
[   10.033743] cloud-init[658]: |                o|
[   10.034896] cloud-init[658]: |       . . .  . +|
[   10.036014] cloud-init[658]: |       .+ + .= o.|
[   10.037103] cloud-init[658]: |      .oS=.oo oo |
[   10.038225] cloud-init[658]: |       o+ooo. . o|
[   10.039418] cloud-init[658]: |       ..=+..E o |
[   10.040735] cloud-init[658]: |     .+.=o= oo+.+|
[   10.041900] cloud-init[658]: |     .+*...+.o=*+|
[   10.043063] cloud-init[658]: +----[SHA256]-----+
[   10.044201] cloud-init[658]: Generating public/private ecdsa key pair.
[   10.045820] cloud-init[658]: Your identification has been saved in /etc/ssh/ssh_host_ecdsa_key.
[   10.047950] cloud-init[658]: Your public key has been saved in /etc/ssh/ssh_host_ecdsa_key.pub.
[   10.049845] cloud-init[658]: The key fingerprint is:
[   10.051035] cloud-init[658]: SHA256:YwOs/0m9ReGtgXRe4euRlJmwiijRcVHHeeQ+gbGADSo root@ubuntu-bionic
[   10.053109] cloud-init[658]: The key's randomart image is:
[   10.054277] cloud-init[658]: +---[ECDSA 256]---+
[   10.055206] cloud-init[658]: |      . +*o.+oo  |
[   10.069008] cloud-init[658]: |     o +. .ooO.= |
[   10.069910] cloud-init[658]: |    E =   . *.X  |
[   10.071159] cloud-init[658]: |     + o o * * + |
[   10.072277] cloud-init[658]: |    o . S o = B  |
[   10.073422] cloud-init[658]: |     o . + . + o |
[   10.074634] cloud-init[658]: |      . . . o .  |
[   10.075667] cloud-init[658]: |       o . o     |
[   10.076870] cloud-init[658]: |        o .      |
[   10.077996] cloud-init[658]: +----[SHA256]-----+
[   10.078939] cloud-init[658]: Generating public/private ed25519 key pair.
[   10.080569] cloud-init[658]: Your identification has been saved in /etc/ssh/ssh_host_ed25519_key.
[   10.092297] cloud-init[658]: Your public key has been saved in /etc/ssh/ssh_host_ed25519_key.pub.
[   10.093810] cloud-init[658]: The key fingerprint is:
[   10.094820] cloud-init[658]: SHA256:QrbUZs6NbNEy0YwTRsSPcoLcJ2aHkQNNcUlIPnDuVZo root@ubuntu-bionic
[   10.096573] cloud-init[658]: The key's randomart image is:
[   10.097686] cloud-init[658]: +--[ED25519 256]--+
[   10.098618] cloud-init[658]: |    o==OO*.      |
[   10.099920] cloud-init[658]: |     =*+=*o      |
[   10.100897] cloud-init[658]: |   . oB+E+.      |
[   10.101858] cloud-init[658]: |    o=OX=*.      |
[   10.102801] cloud-init[658]: |     o+BS .      |
[   10.103718] cloud-init[658]: |       o         |
[   10.104670] cloud-init[658]: |                 |
[   10.105588] cloud-init[658]: |                 |
[   10.106787] cloud-init[658]: |                 |
[   10.107911] cloud-init[658]: +----[SHA256]-----+
[[0;32m  OK  [0m] Started Initial cloud-init job (metadata service crawler).
[[0;32m  OK  [0m] Reached target Network is Online.
         Starting Availability of block devices...
[[0;32m  OK  [0m] Reached target Remote File Systems (Pre).
[[0;32m  OK  [0m] Reached target Remote File Systems.
[[0;32m  OK  [0m] Reached target Cloud-config availability.
[[0;32m  OK  [0m] Reached target System Initialization.
         Starting LXD - unix socket.
[[0;32m  OK  [0m] Started Discard unused blocks once a week.
[[0;32m  OK  [0m] Listening on D-Bus System Message Bus Socket.
[[0;32m  OK  [0m] Listening on Open-iSCSI iscsid Socket.
[[0;32m  OK  [0m] Listening on UUID daemon activation socket.
[[0;32m  OK  [0m] Listening on ACPID Listen Socket.
         Starting Socket activation for snappy daemon.
[[0;32m  OK  [0m] Started Daily apt download activities.
[[0;32m  OK  [0m] Started ACPI Events Check.
[[0;32m  OK  [0m] Started Daily apt upgrade and clean activities.
[[0;32m  OK  [0m] Started Daily Cleanup of Temporary Directories.
[[0;32m  OK  [0m] Reached target Paths.
[[0;32m  OK  [0m] Started Message of the Day.
[[0;32m  OK  [0m] Reached target Timers.
[[0;32m  OK  [0m] Started Availability of block devices.
[[0;32m  OK  [0m] Listening on LXD - unix socket.
[[0;32m  OK  [0m] Listening on Socket activation for snappy daemon.
[[0;32m  OK  [0m] Reached target Sockets.
[[0;32m  OK  [0m] Reached target Basic System.
[[0;32m  OK  [0m] Started Regular background program processing daemon.
         Starting System Logging Service...
         Starting Pollinate to seed the pseudo random number generator...
         Starting LSB: Record successful boot for GRUB...
[[0;32m  OK  [0m] Started irqbalance daemon.
         Starting Virtualbox guest utils...
[[0;32m  OK  [0m] Started FUSE filesystem for LXC.
         Starting Permit User Sessions...
[[0;32m  OK  [0m] Started Deferred execution scheduler.
[[0;32m  OK  [0m] Started D-Bus System Message Bus.
         Starting Login Service...
         Starting Accounts Service...
         Starting LSB: automatic crash report generation...
         Starting Snappy daemon...
         Starting Dispatcher daemon for systemd-networkd...
         Starting LXD - container startup/shutdown...
[[0;32m  OK  [0m] Started System Logging Service.
[[0;32m  OK  [0m] Started Permit User Sessions.
[[0;32m  OK  [0m] Started Login Service.
[[0;32m  OK  [0m] Started Unattended Upgrades Shutdown.
         Starting Hold until boot process finishes up...
         Starting Terminate Plymouth Boot Screen...
[[0;32m  OK  [0m] Started Hold until boot process finishes up.
         Starting Set console scheme...
[[0;32m  OK  [0m] Started Serial Getty on ttyS0.
[[0;32m  OK  [0m] Started Terminate Plymouth Boot Screen.
[[0;32m  OK  [0m] Started Set console scheme.
[[0;32m  OK  [0m] Created slice system-getty.slice.
[[0;32m  OK  [0m] Started Getty on tty1.
[[0;32m  OK  [0m] Reached target Login Prompts.
         Starting Authorization Manager...
[[0;32m  OK  [0m] Started LSB: automatic crash report generation.
[[0;32m  OK  [0m] Started LSB: Record successful boot for GRUB.
[[0;32m  OK  [0m] Started Virtualbox guest utils.
[[0;32m  OK  [0m] Started Authorization Manager.
[[0;32m  OK  [0m] Started Accounts Service.
[[0;32m  OK  [0m] Started LXD - container startup/shutdown.
[[0;32m  OK  [0m] Started Snappy daemon.
         Starting Wait until snapd is fully seeded...
[[0;32m  OK  [0m] Started Dispatcher daemon for systemd-networkd.
[[0;32m  OK  [0m] Started Pollinate to seed the pseudo random number generator.
         Starting OpenBSD Secure Shell server...
[[0;32m  OK  [0m] Started OpenBSD Secure Shell server.
[[0;32m  OK  [0m] Created slice User Slice of vagrant.
         Starting User Manager for UID 1000...
[[0;32m  OK  [0m] Started Session 1 of user vagrant.
[[0;32m  OK  [0m] Started User Manager for UID 1000.
         Stopping User Manager for UID 1000...
[[0;32m  OK  [0m] Stopped User Manager for UID 1000.
[[0;32m  OK  [0m] Removed slice User Slice of vagrant.
[[0;32m  OK  [0m] Created slice User Slice of vagrant.
         Starting User Manager for UID 1000...
[[0;32m  OK  [0m] Started Session 3 of user vagrant.
[[0;32m  OK  [0m] Started User Manager for UID 1000.

Ubuntu 18.04.3 LTS ubuntu-bionic ttyS0

ubuntu-bionic login: [   17.380406] cloud-init[1510]: Cloud-init v. 19.2-36-g059d049c-0ubuntu2~18.04.1 running 'modules:config' at Sun, 08 Dec 2019 06:00:19 +0000. Up 16.78 seconds.
ci-info: no authorized ssh keys fingerprints found for user ubuntu.
<14>Dec  8 06:00:21 ec2: 
<14>Dec  8 06:00:21 ec2: #############################################################
<14>Dec  8 06:00:21 ec2: -----BEGIN SSH HOST KEY FINGERPRINTS-----
<14>Dec  8 06:00:21 ec2: 1024 SHA256:hn/kvc9zy+Z30EZZvGgzqiLPjN8lWiyRcbdok/fq8B0 root@ubuntu-bionic (DSA)
<14>Dec  8 06:00:21 ec2: 256 SHA256:YwOs/0m9ReGtgXRe4euRlJmwiijRcVHHeeQ+gbGADSo root@ubuntu-bionic (ECDSA)
<14>Dec  8 06:00:21 ec2: 256 SHA256:QrbUZs6NbNEy0YwTRsSPcoLcJ2aHkQNNcUlIPnDuVZo root@ubuntu-bionic (ED25519)
<14>Dec  8 06:00:21 ec2: 2048 SHA256:FVGAxTD6o9iIO+neU32hiu7lZQYSKPG2sxdcFLmUoCk root@ubuntu-bionic (RSA)
<14>Dec  8 06:00:21 ec2: -----END SSH HOST KEY FINGERPRINTS-----
<14>Dec  8 06:00:21 ec2: #############################################################
-----BEGIN SSH HOST KEY KEYS-----
ecdsa-sha2-nistp256 AAAAE2VjZHNhLXNoYTItbmlzdHAyNTYAAAAIbmlzdHAyNTYAAABBBNAVtxoL92pJp930NXDWRSZzX5r1Rfe+m8AdSfjvGypzuL0SGjZc6Sn66FxQ6rA87HVl4wuk532VwKJ8hOCfOf4= root@ubuntu-bionic
ssh-ed25519 AAAAC3NzaC1lZDI1NTE5AAAAIBLe75+unwXQwqQuDazmMw4PlAm+x6pL5DlEeTX49grl root@ubuntu-bionic
ssh-rsa AAAAB3NzaC1yc2EAAAADAQABAAABAQC79XVGNUeFuHDKfFd+UAbHZpsOMTFnv830KnF/TwNIfxNaW8iq3qTZIfaOKg6dXZCWYuhNmPbj2nSliQlYPgoytLDKaRl4WJhMXQmCUjoh0vyxGbubox0Czod+YNBriDb3yZmKxcnbyO+VSu/0pBRfacY0wV71tKkRGtdfAFzqvaYhZBB0jgFQQ7xWLbbdGqLRWGLx+oYibneYFt3YkSWMpESiszSl7Dt5uAOqYytzFGiFX5fTvbajbMj5BATqDJ6Fe2gHQZSw0NnKBxANi/R+2Pe2gn6TCz4sz6pTWdwu4OXL6vx2iS2AVQmgLxYs5YFmNvxyAx+YFhuZApAe0Apt root@ubuntu-bionic
-----END SSH HOST KEY KEYS-----
[   18.431005] cloud-init[1730]: Cloud-init v. 19.2-36-g059d049c-0ubuntu2~18.04.1 running 'modules:final' at Sun, 08 Dec 2019 06:00:20 +0000. Up 18.14 seconds.
[   18.435313] cloud-init[1730]: ci-info: no authorized ssh keys fingerprints found for user ubuntu.
[   18.438523] cloud-init[1730]: Cloud-init v. 19.2-36-g059d049c-0ubuntu2~18.04.1 finished at Sun, 08 Dec 2019 06:00:21 +0000. Datasource DataSourceNoCloud [seed=/dev/sdb][dsmode=net].  Up 18.42 seconds
